Arguments: 
  /usr/local/Cellar/node/18.9.0/bin/node /usr/local/Cellar/yarn/1.22.19/libexec/bin/yarn.js install

PATH: 
  /Users/koenhandekyn/.poetry/bin:/usr/local/opt/openjdk/bin:/Users/koenhandekyn/.pyenv/shims:/Users/koenhandekyn/.rbenv/shims:/usr/local/bin:/usr/local/sbin:/usr/bin:/bin:/usr/sbin:/sbin:~/.dotnet/tools:/Library/Apple/usr/bin:/Library/Frameworks/Mono.framework/Versions/Current/Commands:/Applications/Postgres.app/Contents/Versions/latest/bin:/Applications/Postgres.app/Contents/Versions/latest/bin:/Applications/kitty.app/Contents/MacOS

Yarn version: 
  1.22.19

Node version: 
  18.9.0

Platform: 
  darwin x64

Trace: 
  SyntaxError: /Users/koenhandekyn/Work/marijkemichiels/marijkemichiels_default/package.json: Unexpected token } in JSON at position 151
      at JSON.parse (<anonymous>)
      at /usr/local/Cellar/yarn/1.22.19/libexec/lib/cli.js:1629:59
      at Generator.next (<anonymous>)
      at step (/usr/local/Cellar/yarn/1.22.19/libexec/lib/cli.js:310:30)
      at /usr/local/Cellar/yarn/1.22.19/libexec/lib/cli.js:321:13

npm manifest: 
  {
    "name": "marijkemichiels_default",
    "version": "1.0.0",
    "main": "index.js",
    "license": "MIT",
    "dependencies": {
      "bootstrap": "5.2.1",
    }
  }

yarn manifest: 
  No manifest

Lockfile: 
  # THIS IS AN AUTOGENERATED FILE. DO NOT EDIT THIS FILE DIRECTLY.
  # yarn lockfile v1
  
  
  bootstrap5@^1.1.9:
    version "1.1.9"
    resolved "https://registry.yarnpkg.com/bootstrap5/-/bootstrap5-1.1.9.tgz#a4b6c7fa9d03fb55f931cee550973e38680f42d7"
    integrity sha512-XZSujP1vsslV7iUgPHRLobe+rL7pYUvZaK2Erk0r45m00cQZz/No3Ua7cenlCFLN+gOMEWYU+ipa8Ktzz79oVA==
  
  bootstrap@5.2.1:
    version "5.2.1"
    resolved "https://registry.yarnpkg.com/bootstrap/-/bootstrap-5.2.1.tgz#45f97ff05cbe828bad807b014d8425f3aeb8ec3a"
    integrity sha512-UQi3v2NpVPEi1n35dmRRzBJFlgvWHYwyem6yHhuT6afYF+sziEt46McRbT//kVXZ7b1YUYEVGdXEH74Nx3xzGA==
